[debug] [2024-11-04T16:29:53.169Z] ----------------------------------------------------------------------
[debug] [2024-11-04T16:29:53.172Z] Command:       /opt/homebrew/Cellar/node/21.7.2/bin/node /opt/homebrew/bin/firebase init
[debug] [2024-11-04T16:29:53.172Z] CLI Version:   13.23.1
[debug] [2024-11-04T16:29:53.172Z] Platform:      darwin
[debug] [2024-11-04T16:29:53.172Z] Node Version:  v21.7.2
[debug] [2024-11-04T16:29:53.172Z] Time:          Mon Nov 04 2024 17:29:53 GMT+0100 (Central European Standard Time)
[debug] [2024-11-04T16:29:53.172Z] ----------------------------------------------------------------------
[debug] 
[debug] [2024-11-04T16:29:53.178Z] > command requires scopes: ["email","openid","https://www.googleapis.com/auth/cloudplatformprojects.readonly","https://www.googleapis.com/auth/firebase","https://www.googleapis.com/auth/cloud-platform"]
[debug] [2024-11-04T16:29:53.178Z] > authorizing via signed-in user (alexlaaser1@gmail.com)
[info] 
     ######## #### ########  ######## ########     ###     ######  ########
     ##        ##  ##     ## ##       ##     ##  ##   ##  ##       ##
     ######    ##  ########  ######   ########  #########  ######  ######
     ##        ##  ##    ##  ##       ##     ## ##     ##       ## ##
     ##       #### ##     ## ######## ########  ##     ##  ######  ########

You're about to initialize a Firebase project in this directory:

  /Users/alexlaaser/Desktop/VS-Code-Workspace/Recommend

[info] 
=== Project Setup
[info] 
[info] First, let's associate this project directory with a Firebase project.
[info] You can create multiple project aliases by running firebase use --add, 
[info] but for now we'll just set up a default project.
[info] 
[debug] [2024-11-04T16:29:57.121Z] Checked if tokens are valid: true, expires at: 1730740903608
[debug] [2024-11-04T16:29:57.122Z] Checked if tokens are valid: true, expires at: 1730740903608
[debug] [2024-11-04T16:29:57.124Z] >>> [apiv2][query] GET https://firebase.googleapis.com/v1beta1/projects pageSize=100
[debug] [2024-11-04T16:29:57.905Z] <<< [apiv2][status] GET https://firebase.googleapis.com/v1beta1/projects 200
[debug] [2024-11-04T16:29:57.905Z] <<< [apiv2][body] GET https://firebase.googleapis.com/v1beta1/projects [omitted]
[info] i  Using project bewerberplattform (Bewerberplattform) 
[info] 
=== Dataconnect Setup
[debug] [2024-11-04T16:30:05.434Z] Checked if tokens are valid: true, expires at: 1730740903608
[debug] [2024-11-04T16:30:05.434Z] Checked if tokens are valid: true, expires at: 1730740903608
[debug] [2024-11-04T16:30:05.434Z] >>> [apiv2][query] GET https://cloudbilling.googleapis.com/v1/projects/bewerberplattform/billingInfo [none]
[debug] [2024-11-04T16:30:06.499Z] <<< [apiv2][status] GET https://cloudbilling.googleapis.com/v1/projects/bewerberplattform/billingInfo 200
[debug] [2024-11-04T16:30:06.500Z] <<< [apiv2][body] GET https://cloudbilling.googleapis.com/v1/projects/bewerberplattform/billingInfo {"name":"projects/bewerberplattform/billingInfo","projectId":"bewerberplattform","billingAccountName":"","billingEnabled":false}
[info] i  dataconnect: ensuring required API sqladmin.googleapis.com is enabled... 
[debug] [2024-11-04T16:30:06.502Z] Checked if tokens are valid: true, expires at: 1730740903608
[debug] [2024-11-04T16:30:06.502Z] Checked if tokens are valid: true, expires at: 1730740903608
[debug] [2024-11-04T16:30:06.502Z] >>> [apiv2][query] GET https://serviceusage.googleapis.com/v1/projects/bewerberplattform/services/sqladmin.googleapis.com [none]
[debug] [2024-11-04T16:30:06.502Z] >>> [apiv2][(partial)header] GET https://serviceusage.googleapis.com/v1/projects/bewerberplattform/services/sqladmin.googleapis.com x-goog-quota-user=projects/bewerberplattform
[debug] [2024-11-04T16:30:07.687Z] <<< [apiv2][status] GET https://serviceusage.googleapis.com/v1/projects/bewerberplattform/services/sqladmin.googleapis.com 200
[debug] [2024-11-04T16:30:07.688Z] <<< [apiv2][body] GET https://serviceusage.googleapis.com/v1/projects/bewerberplattform/services/sqladmin.googleapis.com [omitted]
[warn] ⚠  dataconnect: missing required API sqladmin.googleapis.com. Enabling now... 
[debug] [2024-11-04T16:30:07.689Z] Checked if tokens are valid: true, expires at: 1730740903608
[debug] [2024-11-04T16:30:07.689Z] Checked if tokens are valid: true, expires at: 1730740903608
[debug] [2024-11-04T16:30:07.689Z] >>> [apiv2][query] POST https://serviceusage.googleapis.com/v1/projects/bewerberplattform/services/sqladmin.googleapis.com:enable [none]
[debug] [2024-11-04T16:30:07.689Z] >>> [apiv2][(partial)header] POST https://serviceusage.googleapis.com/v1/projects/bewerberplattform/services/sqladmin.googleapis.com:enable x-goog-quota-user=projects/bewerberplattform
[debug] [2024-11-04T16:30:08.340Z] <<< [apiv2][status] POST https://serviceusage.googleapis.com/v1/projects/bewerberplattform/services/sqladmin.googleapis.com:enable 200
[debug] [2024-11-04T16:30:08.341Z] <<< [apiv2][body] POST https://serviceusage.googleapis.com/v1/projects/bewerberplattform/services/sqladmin.googleapis.com:enable [omitted]
[debug] [2024-11-04T16:30:18.343Z] Checked if tokens are valid: true, expires at: 1730740903608
[debug] [2024-11-04T16:30:18.345Z] Checked if tokens are valid: true, expires at: 1730740903608
[debug] [2024-11-04T16:30:18.345Z] >>> [apiv2][query] GET https://serviceusage.googleapis.com/v1/projects/bewerberplattform/services/sqladmin.googleapis.com [none]
[debug] [2024-11-04T16:30:18.345Z] >>> [apiv2][(partial)header] GET https://serviceusage.googleapis.com/v1/projects/bewerberplattform/services/sqladmin.googleapis.com x-goog-quota-user=projects/bewerberplattform
[debug] [2024-11-04T16:30:24.114Z] <<< [apiv2][status] GET https://serviceusage.googleapis.com/v1/projects/bewerberplattform/services/sqladmin.googleapis.com 200
[debug] [2024-11-04T16:30:24.114Z] <<< [apiv2][body] GET https://serviceusage.googleapis.com/v1/projects/bewerberplattform/services/sqladmin.googleapis.com [omitted]
[info] ✔  dataconnect: required API sqladmin.googleapis.com is enabled 
[info] ✔  Wrote dataconnect/dataconnect.yaml 
[info] ✔  Wrote dataconnect/schema/schema.gql 
[info] ✔  Wrote dataconnect/connector/connector.yaml 
[info] ✔  Wrote dataconnect/connector/queries.gql 
[info] ✔  Wrote dataconnect/connector/mutations.gql 
[info] ✔  Detected WEB app in directory /Users/alexlaaser/Desktop/VS-Code-Workspace/Recommend 
[info] i  Wrote new config to /Users/alexlaaser/Desktop/VS-Code-Workspace/Recommend/dataconnect/connector/connector.yaml 
[info] i  dataconnect: downloading dataconnect-emulator-1.6.0... {"metadata":{"emulator":{"name":"dataconnect"},"message":"downloading dataconnect-emulator-1.6.0..."}}
[debug] [2024-11-04T16:30:32.906Z] >>> [apiv2][query] GET https://storage.googleapis.com/firemat-preview-drop/emulator/dataconnect-emulator-macos-v1.6.0 
[debug] [2024-11-04T16:31:06.862Z] *** [apiv2] error from fetch(https://storage.googleapis.com/firemat-preview-drop/emulator/dataconnect-emulator-macos-v1.6.0, {"headers":{},"method":"GET"}): FetchError: request to https://storage.googleapis.com/firemat-preview-drop/emulator/dataconnect-emulator-macos-v1.6.0 failed, reason: Client network socket disconnected before secure TLS connection was established
[debug] [2024-11-04T16:31:11.870Z] Error: Timed out.
    at Timeout._onTimeout (/opt/homebrew/lib/node_modules/firebase-tools/lib/utils.js:268:49)
    at listOnTimeout (node:internal/timers:573:17)
    at process.processTimers (node:internal/timers:514:7)
[error] 
[error] Error: An unexpected error has occurred.
